/*C3*/SET SCHEMA PUBLIC
CONNECT USER SA
DISCONNECT
/*C4*/SET SCHEMA PUBLIC
CONNECT USER SA
SET AUTOCOMMIT FALSE
DELETE FROM INGREDIENT WHERE ID=37
COMMIT
SET AUTOCOMMIT TRUE
SET AUTOCOMMIT FALSE
INSERT INTO INGREDIENT VALUES(38,TRUE,'','sel')
COMMIT
SET AUTOCOMMIT TRUE
SET AUTOCOMMIT FALSE
DELETE FROM INGREDIENT WHERE ID=24
COMMIT
SET AUTOCOMMIT TRUE
SET AUTOCOMMIT FALSE
INSERT INTO INGREDIENT VALUES(39,TRUE,'','poivre')
COMMIT
SET AUTOCOMMIT TRUE
SET AUTOCOMMIT FALSE
DELETE FROM INGREDIENT WHERE ID=38
COMMIT
SET AUTOCOMMIT TRUE
SET AUTOCOMMIT FALSE
INSERT INTO INGREDIENT VALUES(40,TRUE,'','sel')
COMMIT
SET AUTOCOMMIT TRUE
SET AUTOCOMMIT FALSE
DELETE FROM INGREDIENT WHERE ID=36
DELETE FROM INGREDIENT WHERE ID=40
COMMIT
SET AUTOCOMMIT TRUE
SET AUTOCOMMIT FALSE
INSERT INTO INGREDIENT VALUES(41,TRUE,'','saumon')
COMMIT
SET AUTOCOMMIT TRUE
SET AUTOCOMMIT FALSE
INSERT INTO INGREDIENT VALUES(42,TRUE,'','sel')
COMMIT
SET AUTOCOMMIT TRUE
SET AUTOCOMMIT FALSE
DELETE FROM INGREDIENT WHERE ID=42
COMMIT
SET AUTOCOMMIT TRUE
SET AUTOCOMMIT FALSE
INSERT INTO INGREDIENT VALUES(43,TRUE,'','sel')
COMMIT
SET AUTOCOMMIT TRUE
SET AUTOCOMMIT FALSE
DELETE FROM INGREDIENT WHERE ID=43
COMMIT
SET AUTOCOMMIT TRUE
SET AUTOCOMMIT FALSE
INSERT INTO INGREDIENT VALUES(44,TRUE,'','sel')
COMMIT
SET AUTOCOMMIT TRUE
SET AUTOCOMMIT FALSE
DELETE FROM INGREDIENT WHERE ID=44
COMMIT
SET AUTOCOMMIT TRUE
SET AUTOCOMMIT FALSE
INSERT INTO INGREDIENT VALUES(45,TRUE,'','sel')
COMMIT
SET AUTOCOMMIT TRUE
SET AUTOCOMMIT FALSE
DELETE FROM INGREDIENT WHERE ID=45
COMMIT
SET AUTOCOMMIT TRUE
SET AUTOCOMMIT FALSE
INSERT INTO INGREDIENT VALUES(46,TRUE,'','sel')
COMMIT
SET AUTOCOMMIT TRUE
SET AUTOCOMMIT FALSE
DELETE FROM INGREDIENT WHERE ID=46
COMMIT
SET AUTOCOMMIT TRUE
SET AUTOCOMMIT FALSE
INSERT INTO INGREDIENT VALUES(47,TRUE,'','sel')
COMMIT
SET AUTOCOMMIT TRUE
SET AUTOCOMMIT FALSE
DELETE FROM INGREDIENT WHERE ID=29
DELETE FROM INGREDIENT WHERE ID=30
DELETE FROM INGREDIENT WHERE ID=39
DELETE FROM INGREDIENT WHERE ID=41
DELETE FROM INGREDIENT WHERE ID=47
COMMIT
SET AUTOCOMMIT TRUE
SET AUTOCOMMIT FALSE
INSERT INTO INGREDIENT VALUES(48,TRUE,'','sel')
COMMIT
SET AUTOCOMMIT TRUE
SET AUTOCOMMIT FALSE
INSERT INTO INGREDIENT VALUES(49,TRUE,'','poivre')
COMMIT
SET AUTOCOMMIT TRUE
SET AUTOCOMMIT FALSE
INSERT INTO INGREDIENT VALUES(50,TRUE,'','piment')
COMMIT
SET AUTOCOMMIT TRUE
SET AUTOCOMMIT FALSE
INSERT INTO INGREDIENT VALUES(51,TRUE,'','saumon')
COMMIT
SET AUTOCOMMIT TRUE
SET AUTOCOMMIT FALSE
INSERT INTO INGREDIENT VALUES(52,TRUE,'','piment doux')
COMMIT
SET AUTOCOMMIT TRUE
SET AUTOCOMMIT FALSE
INSERT INTO INGREDIENT VALUES(53,TRUE,'','thon')
COMMIT
SET AUTOCOMMIT TRUE
SET AUTOCOMMIT FALSE
DELETE FROM INGREDIENT WHERE ID=53
COMMIT
SET AUTOCOMMIT TRUE
SET AUTOCOMMIT FALSE
INSERT INTO INGREDIENT VALUES(54,TRUE,'','ail')
COMMIT
SET AUTOCOMMIT TRUE
